# JRE version: Java(TM) SE Runtime Environment (8.0_251-b08) (build 1.8.0_251-b08)
# Java VM: Java HotSpot(TM) 64-Bit Server VM (25.251-b08 mixed mode windows-amd64 compressed oops)
Heap:
 PSYoungGen      total 247296K, used 143075K [0x00000000eb980000, 0x00000000fb780000, 0x0000000100000000)
  eden space 235520K, 60% used [0x00000000eb980000,0x00000000f4538ee0,0x00000000f9f80000)
  from space 11776K, 0% used [0x00000000f9f80000,0x00000000f9f80000,0x00000000fab00000)
  to   space 9728K, 0% used [0x00000000fab00000,0x00000000fab00000,0x00000000fb480000)
 ParOldGen       total 72704K, used 29316K [0x00000000c2c00000, 0x00000000c7300000, 0x00000000eb980000)
  object space 72704K, 40% used [0x00000000c2c00000,0x00000000c48a12e8,0x00000000c7300000)
 Metaspace       used 64636K, capacity 68118K, committed 68352K, reserved 1107968K
  class space    used 8532K, capacity 9095K, committed 9216K, reserved 1048576K
GC Heap History (10 events):
Event: 17.809 GC heap before
{Heap before GC invocations=12 (full 1):
 PSYoungGen      total 180224K, used 94783K [0x00000000eb980000, 0x00000000f7580000, 0x0000000100000000)
  eden space 173056K, 50% used [0x00000000eb980000,0x00000000f0f12b40,0x00000000f6280000)
  from space 7168K, 99% used [0x00000000f6d80000,0x00000000f747d168,0x00000000f7480000)
  to   space 9728K, 0% used [0x00000000f6280000,0x00000000f6280000,0x00000000f6c00000)
 ParOldGen       total 27648K, used 10030K [0x00000000c2c00000, 0x00000000c4700000, 0x00000000eb980000)
  object space 27648K, 36% used [0x00000000c2c00000,0x00000000c35cb990,0x00000000c4700000)
 Metaspace       used 33432K, capacity 35360K, committed 35496K, reserved 1081344K
  class space    used 4179K, capacity 4512K, committed 4608K, reserved 1048576K
Event: 17.840 GC heap after
Heap after GC invocations=12 (full 1):
 PSYoungGen      total 182784K, used 2779K [0x00000000eb980000, 0x00000000fb480000, 0x0000000100000000)
  eden space 173056K, 0% used [0x00000000eb980000,0x00000000eb980000,0x00000000f6280000)
  from space 9728K, 28% used [0x00000000f6280000,0x00000000f6536f98,0x00000000f6c00000)
  to   space 9728K, 0% used [0x00000000fab00000,0x00000000fab00000,0x00000000fb480000)
 ParOldGen       total 27648K, used 16056K [0x00000000c2c00000, 0x00000000c4700000, 0x00000000eb980000)
  object space 27648K, 58% used [0x00000000c2c00000,0x00000000c3bae398,0x00000000c4700000)
 Metaspace       used 33432K, capacity 35360K, committed 35496K, reserved 1081344K
  class space    used 4179K, capacity 4512K, committed 4608K, reserved 1048576K
}
Event: 17.840 GC heap before
{Heap before GC invocations=13 (full 2):
 PSYoungGen      total 182784K, used 2779K [0x00000000eb980000, 0x00000000fb480000, 0x0000000100000000)
  eden space 173056K, 0% used [0x00000000eb980000,0x00000000eb980000,0x00000000f6280000)
  from space 9728K, 28% used [0x00000000f6280000,0x00000000f6536f98,0x00000000f6c00000)
  to   space 9728K, 0% used [0x00000000fab00000,0x00000000fab00000,0x00000000fb480000)
 ParOldGen       total 27648K, used 16056K [0x00000000c2c00000, 0x00000000c4700000, 0x00000000eb980000)
  object space 27648K, 58% used [0x00000000c2c00000,0x00000000c3bae398,0x00000000c4700000)
 Metaspace       used 33432K, capacity 35360K, committed 35496K, reserved 1081344K
  class space    used 4179K, capacity 4512K, committed 4608K, reserved 1048576K
Event: 17.937 GC heap after
Heap after GC invocations=13 (full 2):
 PSYoungGen      total 182784K, used 0K [0x00000000eb980000, 0x00000000fb480000, 0x0000000100000000)
  eden space 173056K, 0% used [0x00000000eb980000,0x00000000eb980000,0x00000000f6280000)
  from space 9728K, 0% used [0x00000000f6280000,0x00000000f6280000,0x00000000f6c00000)
  to   space 9728K, 0% used [0x00000000fab00000,0x00000000fab00000,0x00000000fb480000)
 ParOldGen       total 45568K, used 12683K [0x00000000c2c00000, 0x00000000c5880000, 0x00000000eb980000)
  object space 45568K, 27% used [0x00000000c2c00000,0x00000000c3862fd8,0x00000000c5880000)
 Metaspace       used 33432K, capacity 35360K, committed 35496K, reserved 1081344K
  class space    used 4179K, capacity 4512K, committed 4608K, reserved 1048576K
}
Event: 25.224 GC heap before
{Heap before GC invocations=14 (full 2):
 PSYoungGen      total 182784K, used 173056K [0x00000000eb980000, 0x00000000fb480000, 0x0000000100000000)
  eden space 173056K, 100% used [0x00000000eb980000,0x00000000f6280000,0x00000000f6280000)
  from space 9728K, 0% used [0x00000000f6280000,0x00000000f6280000,0x00000000f6c00000)
  to   space 9728K, 0% used [0x00000000fab00000,0x00000000fab00000,0x00000000fb480000)
 ParOldGen       total 45568K, used 12683K [0x00000000c2c00000, 0x00000000c5880000, 0x00000000eb980000)
  object space 45568K, 27% used [0x00000000c2c00000,0x00000000c3862fd8,0x00000000c5880000)
 Metaspace       used 44197K, capacity 46552K, committed 46720K, reserved 1089536K
  class space    used 5763K, capacity 6176K, committed 6272K, reserved 1048576K
Event: 25.265 GC heap after
Heap after GC invocations=14 (full 2):
 PSYoungGen      total 245248K, used 9714K [0x00000000eb980000, 0x00000000fb780000, 0x0000000100000000)
  eden space 235520K, 0% used [0x00000000eb980000,0x00000000eb980000,0x00000000f9f80000)
  from space 9728K, 99% used [0x00000000fab00000,0x00000000fb47cac8,0x00000000fb480000)
  to   space 11776K, 0% used [0x00000000f9f80000,0x00000000f9f80000,0x00000000fab00000)
 ParOldGen       total 45568K, used 14710K [0x00000000c2c00000, 0x00000000c5880000, 0x00000000eb980000)
  object space 45568K, 32% used [0x00000000c2c00000,0x00000000c3a5dac0,0x00000000c5880000)
 Metaspace       used 44197K, capacity 46552K, committed 46720K, reserved 1089536K
  class space    used 5763K, capacity 6176K, committed 6272K, reserved 1048576K
}
Event: 33.180 GC heap before
{Heap before GC invocations=15 (full 2):
 PSYoungGen      total 245248K, used 200997K [0x00000000eb980000, 0x00000000fb780000, 0x0000000100000000)
  eden space 235520K, 81% used [0x00000000eb980000,0x00000000f744cc58,0x00000000f9f80000)
  from space 9728K, 99% used [0x00000000fab00000,0x00000000fb47cac8,0x00000000fb480000)
  to   space 11776K, 0% used [0x00000000f9f80000,0x00000000f9f80000,0x00000000fab00000)
 ParOldGen       total 45568K, used 14710K [0x00000000c2c00000, 0x00000000c5880000, 0x00000000eb980000)
  object space 45568K, 32% used [0x00000000c2c00000,0x00000000c3a5dac0,0x00000000c5880000)
 Metaspace       used 56154K, capacity 58902K, committed 59136K, reserved 1099776K
  class space    used 7361K, capacity 7835K, committed 7936K, reserved 1048576K
Event: 33.213 GC heap after
Heap after GC invocations=15 (full 2):
 PSYoungGen      total 247296K, used 11771K [0x00000000eb980000, 0x00000000fb780000, 0x0000000100000000)
  eden space 235520K, 0% used [0x00000000eb980000,0x00000000eb980000,0x00000000f9f80000)
  from space 11776K, 99% used [0x00000000f9f80000,0x00000000faafecd8,0x00000000fab00000)
  to   space 9728K, 0% used [0x00000000fab00000,0x00000000fab00000,0x00000000fb480000)
 ParOldGen       total 45568K, used 22437K [0x00000000c2c00000, 0x00000000c5880000, 0x00000000eb980000)
  object space 45568K, 49% used [0x00000000c2c00000,0x00000000c41e9600,0x00000000c5880000)
 Metaspace       used 56154K, capacity 58902K, committed 59136K, reserved 1099776K
  class space    used 7361K, capacity 7835K, committed 7936K, reserved 1048576K
}
Event: 33.213 GC heap before
{Heap before GC invocations=16 (full 3):
 PSYoungGen      total 247296K, used 11771K [0x00000000eb980000, 0x00000000fb780000, 0x0000000100000000)
  eden space 235520K, 0% used [0x00000000eb980000,0x00000000eb980000,0x00000000f9f80000)
  from space 11776K, 99% used [0x00000000f9f80000,0x00000000faafecd8,0x00000000fab00000)
  to   space 9728K, 0% used [0x00000000fab00000,0x00000000fab00000,0x00000000fb480000)
 ParOldGen       total 45568K, used 22437K [0x00000000c2c00000, 0x00000000c5880000, 0x00000000eb980000)
  object space 45568K, 49% used [0x00000000c2c00000,0x00000000c41e9600,0x00000000c5880000)
 Metaspace       used 56154K, capacity 58902K, committed 59136K, reserved 1099776K
  class space    used 7361K, capacity 7835K, committed 7936K, reserved 1048576K
Event: 33.472 GC heap after
Heap after GC invocations=16 (full 3):
 PSYoungGen      total 247296K, used 0K [0x00000000eb980000, 0x00000000fb780000, 0x0000000100000000)
  eden space 235520K, 0% used [0x00000000eb980000,0x00000000eb980000,0x00000000f9f80000)
  from space 11776K, 0% used [0x00000000f9f80000,0x00000000f9f80000,0x00000000fab00000)
  to   space 9728K, 0% used [0x00000000fab00000,0x00000000fab00000,0x00000000fb480000)
 ParOldGen       total 72704K, used 29316K [0x00000000c2c00000, 0x00000000c7300000, 0x00000000eb980000)
  object space 72704K, 40% used [0x00000000c2c00000,0x00000000c48a12e8,0x00000000c7300000)
 Metaspace       used 56154K, capacity 58902K, committed 59136K, reserved 1099776K
  class space    used 7361K, capacity 7835K, committed 7936K, reserved 1048576K
}

