# JRE version: Java(TM) SE Runtime Environment (8.0_251-b08) (build 1.8.0_251-b08)
# Java VM: Java HotSpot(TM) 64-Bit Server VM (25.251-b08 mixed mode windows-amd64 compressed oops)
Heap:
 PSYoungGen      total 237568K, used 127757K [0x00000000eb980000, 0x00000000ffc80000, 0x0000000100000000)
  eden space 226304K, 56% used [0x00000000eb980000,0x00000000f3643690,0x00000000f9680000)
  from space 11264K, 0% used [0x00000000f9680000,0x00000000f9680000,0x00000000fa180000)
  to   space 16384K, 0% used [0x00000000fec80000,0x00000000fec80000,0x00000000ffc80000)
 ParOldGen       total 78848K, used 30299K [0x00000000c2c00000, 0x00000000c7900000, 0x00000000eb980000)
  object space 78848K, 38% used [0x00000000c2c00000,0x00000000c4996c48,0x00000000c7900000)
 Metaspace       used 63001K, capacity 66422K, committed 66560K, reserved 1107968K
  class space    used 8398K, capacity 8947K, committed 8960K, reserved 1048576K
GC Heap History (10 events):
Event: 10.971 GC heap before
{Heap before GC invocations=12 (full 1):
 PSYoungGen      total 176640K, used 67936K [0x00000000eb980000, 0x00000000f7180000, 0x0000000100000000)
  eden space 168960K, 35% used [0x00000000eb980000,0x00000000ef45c888,0x00000000f5e80000)
  from space 7680K, 99% used [0x00000000f6880000,0x00000000f6ffb888,0x00000000f7000000)
  to   space 9728K, 0% used [0x00000000f5e80000,0x00000000f5e80000,0x00000000f6800000)
 ParOldGen       total 29184K, used 9181K [0x00000000c2c00000, 0x00000000c4880000, 0x00000000eb980000)
  object space 29184K, 31% used [0x00000000c2c00000,0x00000000c34f75a8,0x00000000c4880000)
 Metaspace       used 33320K, capacity 35364K, committed 35496K, reserved 1081344K
  class space    used 4213K, capacity 4562K, committed 4608K, reserved 1048576K
Event: 10.993 GC heap after
Heap after GC invocations=12 (full 1):
 PSYoungGen      total 178688K, used 2629K [0x00000000eb980000, 0x00000000fab00000, 0x0000000100000000)
  eden space 168960K, 0% used [0x00000000eb980000,0x00000000eb980000,0x00000000f5e80000)
  from space 9728K, 27% used [0x00000000f5e80000,0x00000000f6111490,0x00000000f6800000)
  to   space 9216K, 0% used [0x00000000fa200000,0x00000000fa200000,0x00000000fab00000)
 ParOldGen       total 29184K, used 15510K [0x00000000c2c00000, 0x00000000c4880000, 0x00000000eb980000)
  object space 29184K, 53% used [0x00000000c2c00000,0x00000000c3b259b8,0x00000000c4880000)
 Metaspace       used 33320K, capacity 35364K, committed 35496K, reserved 1081344K
  class space    used 4213K, capacity 4562K, committed 4608K, reserved 1048576K
}
Event: 10.993 GC heap before
{Heap before GC invocations=13 (full 2):
 PSYoungGen      total 178688K, used 2629K [0x00000000eb980000, 0x00000000fab00000, 0x0000000100000000)
  eden space 168960K, 0% used [0x00000000eb980000,0x00000000eb980000,0x00000000f5e80000)
  from space 9728K, 27% used [0x00000000f5e80000,0x00000000f6111490,0x00000000f6800000)
  to   space 9216K, 0% used [0x00000000fa200000,0x00000000fa200000,0x00000000fab00000)
 ParOldGen       total 29184K, used 15510K [0x00000000c2c00000, 0x00000000c4880000, 0x00000000eb980000)
  object space 29184K, 53% used [0x00000000c2c00000,0x00000000c3b259b8,0x00000000c4880000)
 Metaspace       used 33320K, capacity 35364K, committed 35496K, reserved 1081344K
  class space    used 4213K, capacity 4562K, committed 4608K, reserved 1048576K
Event: 11.082 GC heap after
Heap after GC invocations=13 (full 2):
 PSYoungGen      total 178688K, used 0K [0x00000000eb980000, 0x00000000fab00000, 0x0000000100000000)
  eden space 168960K, 0% used [0x00000000eb980000,0x00000000eb980000,0x00000000f5e80000)
  from space 9728K, 0% used [0x00000000f5e80000,0x00000000f5e80000,0x00000000f6800000)
  to   space 9216K, 0% used [0x00000000fa200000,0x00000000fa200000,0x00000000fab00000)
 ParOldGen       total 48128K, used 12593K [0x00000000c2c00000, 0x00000000c5b00000, 0x00000000eb980000)
  object space 48128K, 26% used [0x00000000c2c00000,0x00000000c384c428,0x00000000c5b00000)
 Metaspace       used 33320K, capacity 35364K, committed 35496K, reserved 1081344K
  class space    used 4213K, capacity 4562K, committed 4608K, reserved 1048576K
}
Event: 13.917 GC heap before
{Heap before GC invocations=14 (full 2):
 PSYoungGen      total 178688K, used 168960K [0x00000000eb980000, 0x00000000fab00000, 0x0000000100000000)
  eden space 168960K, 100% used [0x00000000eb980000,0x00000000f5e80000,0x00000000f5e80000)
  from space 9728K, 0% used [0x00000000f5e80000,0x00000000f5e80000,0x00000000f6800000)
  to   space 9216K, 0% used [0x00000000fa200000,0x00000000fa200000,0x00000000fab00000)
 ParOldGen       total 48128K, used 12593K [0x00000000c2c00000, 0x00000000c5b00000, 0x00000000eb980000)
  object space 48128K, 26% used [0x00000000c2c00000,0x00000000c384c428,0x00000000c5b00000)
 Metaspace       used 42720K, capacity 45104K, committed 45184K, reserved 1089536K
  class space    used 5608K, capacity 6014K, committed 6016K, reserved 1048576K
Event: 13.957 GC heap after
Heap after GC invocations=14 (full 2):
 PSYoungGen      total 235520K, used 9208K [0x00000000eb980000, 0x00000000fac80000, 0x0000000100000000)
  eden space 226304K, 0% used [0x00000000eb980000,0x00000000eb980000,0x00000000f9680000)
  from space 9216K, 99% used [0x00000000fa200000,0x00000000faafe1a0,0x00000000fab00000)
  to   space 11264K, 0% used [0x00000000f9680000,0x00000000f9680000,0x00000000fa180000)
 ParOldGen       total 48128K, used 14575K [0x00000000c2c00000, 0x00000000c5b00000, 0x00000000eb980000)
  object space 48128K, 30% used [0x00000000c2c00000,0x00000000c3a3bcd8,0x00000000c5b00000)
 Metaspace       used 42720K, capacity 45104K, committed 45184K, reserved 1089536K
  class space    used 5608K, capacity 6014K, committed 6016K, reserved 1048576K
}
Event: 18.922 GC heap before
{Heap before GC invocations=15 (full 2):
 PSYoungGen      total 235520K, used 228860K [0x00000000eb980000, 0x00000000fac80000, 0x0000000100000000)
  eden space 226304K, 97% used [0x00000000eb980000,0x00000000f9000ff0,0x00000000f9680000)
  from space 9216K, 99% used [0x00000000fa200000,0x00000000faafe1a0,0x00000000fab00000)
  to   space 11264K, 0% used [0x00000000f9680000,0x00000000f9680000,0x00000000fa180000)
 ParOldGen       total 48128K, used 14575K [0x00000000c2c00000, 0x00000000c5b00000, 0x00000000eb980000)
  object space 48128K, 30% used [0x00000000c2c00000,0x00000000c3a3bcd8,0x00000000c5b00000)
 Metaspace       used 56138K, capacity 58864K, committed 59136K, reserved 1099776K
  class space    used 7458K, capacity 7906K, committed 7936K, reserved 1048576K
Event: 18.956 GC heap after
Heap after GC invocations=15 (full 2):
 PSYoungGen      total 237568K, used 11243K [0x00000000eb980000, 0x00000000ffc80000, 0x0000000100000000)
  eden space 226304K, 0% used [0x00000000eb980000,0x00000000eb980000,0x00000000f9680000)
  from space 11264K, 99% used [0x00000000f9680000,0x00000000fa17ad80,0x00000000fa180000)
  to   space 16384K, 0% used [0x00000000fec80000,0x00000000fec80000,0x00000000ffc80000)
 ParOldGen       total 48128K, used 23819K [0x00000000c2c00000, 0x00000000c5b00000, 0x00000000eb980000)
  object space 48128K, 49% used [0x00000000c2c00000,0x00000000c4342fe0,0x00000000c5b00000)
 Metaspace       used 56138K, capacity 58864K, committed 59136K, reserved 1099776K
  class space    used 7458K, capacity 7906K, committed 7936K, reserved 1048576K
}
Event: 18.956 GC heap before
{Heap before GC invocations=16 (full 3):
 PSYoungGen      total 237568K, used 11243K [0x00000000eb980000, 0x00000000ffc80000, 0x0000000100000000)
  eden space 226304K, 0% used [0x00000000eb980000,0x00000000eb980000,0x00000000f9680000)
  from space 11264K, 99% used [0x00000000f9680000,0x00000000fa17ad80,0x00000000fa180000)
  to   space 16384K, 0% used [0x00000000fec80000,0x00000000fec80000,0x00000000ffc80000)
 ParOldGen       total 48128K, used 23819K [0x00000000c2c00000, 0x00000000c5b00000, 0x00000000eb980000)
  object space 48128K, 49% used [0x00000000c2c00000,0x00000000c4342fe0,0x00000000c5b00000)
 Metaspace       used 56138K, capacity 58864K, committed 59136K, reserved 1099776K
  class space    used 7458K, capacity 7906K, committed 7936K, reserved 1048576K
Event: 19.189 GC heap after
Heap after GC invocations=16 (full 3):
 PSYoungGen      total 237568K, used 0K [0x00000000eb980000, 0x00000000ffc80000, 0x0000000100000000)
  eden space 226304K, 0% used [0x00000000eb980000,0x00000000eb980000,0x00000000f9680000)
  from space 11264K, 0% used [0x00000000f9680000,0x00000000f9680000,0x00000000fa180000)
  to   space 16384K, 0% used [0x00000000fec80000,0x00000000fec80000,0x00000000ffc80000)
 ParOldGen       total 78848K, used 30299K [0x00000000c2c00000, 0x00000000c7900000, 0x00000000eb980000)
  object space 78848K, 38% used [0x00000000c2c00000,0x00000000c4996c48,0x00000000c7900000)
 Metaspace       used 56138K, capacity 58864K, committed 59136K, reserved 1099776K
  class space    used 7458K, capacity 7906K, committed 7936K, reserved 1048576K
}

